[21:09:20] [main/INFO] (FabricLoader/GameProvider) Loading Minecraft 1.21 with Fabric Loader 0.15.11
[21:09:21] [main/INFO] (FabricLoader) Loading 55 mods:
	- architectury 13.0.1
	- experiencedworlds 2.0.0
	- fabric-api 0.100.0+1.21
	- fabric-api-base 0.4.42+6573ed8c7c
	- fabric-api-lookup-api-v1 1.6.65+b55973447c
	- fabric-biome-api-v1 13.0.28+6fc22b997c
	- fabric-block-api-v1 1.0.22+0af3f5a77c
	- fabric-block-view-api-v2 1.0.10+6573ed8c7c
	- fabric-blockrenderlayer-v1 1.1.52+0af3f5a77c
	- fabric-client-tags-api-v1 1.1.15+6573ed8c7c
	- fabric-command-api-v1 1.2.48+f71b366f7c
	- fabric-command-api-v2 2.2.27+6a6dfa197c
	- fabric-commands-v0 0.2.65+df3654b37c
	- fabric-content-registries-v0 8.0.11+b55973447c
	- fabric-convention-tags-v1 2.0.11+7f945d5b7c
	- fabric-convention-tags-v2 2.2.0+bf2c39087c
	- fabric-crash-report-info-v1 0.2.29+0af3f5a77c
	- fabric-data-attachment-api-v1 1.1.22+6a6dfa197c
	- fabric-data-generation-api-v1 20.2.5+16c4ae257c
	- fabric-dimensions-v1 4.0.0+6fc22b997c
	- fabric-entity-events-v1 1.6.12+6fc22b997c
	- fabric-events-interaction-v0 0.7.10+e633f8837c
	- fabric-game-rule-api-v1 1.0.52+6573ed8c7c
	- fabric-gametest-api-v1 2.0.0+6fc22b997c
	- fabric-item-api-v1 11.0.0+afdfc9217c
	- fabric-item-group-api-v1 4.1.0+00ab0a637c
	- fabric-key-binding-api-v1 1.0.47+0af3f5a77c
	- fabric-keybindings-v0 0.2.45+df3654b37c
	- fabric-lifecycle-events-v1 2.3.9+98a7dbbb7c
	- fabric-loot-api-v2 3.0.9+6573ed8c7c
	- fabric-message-api-v1 6.0.13+6573ed8c7c
	- fabric-model-loading-api-v1 2.0.0+fe474d6b7c
	- fabric-networking-api-v1 4.1.0+686dcdce7c
	- fabric-object-builder-api-v1 15.1.10+d13210767c
	- fabric-particles-v1 4.0.2+6573ed8c7c
	- fabric-recipe-api-v1 5.0.8+6573ed8c7c
	- fabric-registry-sync-v0 5.0.21+b9828ba37c
	- fabric-renderer-api-v1 3.2.16+fe474d6b7c
	- fabric-renderer-indigo 1.6.3+cc9f121a7c
	- fabric-renderer-registries-v1 3.2.66+df3654b37c
	- fabric-rendering-data-attachment-v1 0.3.48+73761d2e7c
	- fabric-rendering-fluids-v1 3.1.6+b55973447c
	- fabric-rendering-v0 1.1.69+df3654b37c
	- fabric-rendering-v1 5.0.3+d13210767c
	- fabric-resource-conditions-api-v1 4.2.1+6573ed8c7c
	- fabric-resource-loader-v0 1.1.3+b55973447c
	- fabric-screen-api-v1 2.0.24+b55973447c
	- fabric-screen-handler-api-v1 1.3.78+b55973447c
	- fabric-sound-api-v1 1.0.23+6573ed8c7c
	- fabric-transfer-api-v1 5.1.12+b55973447c
	- fabric-transitive-access-wideners-v1 6.0.12+6573ed8c7c
	- fabricloader 0.15.11
	- java 21
	- minecraft 1.21
	- mixinextras 0.3.5
[21:09:21] [main/INFO] (FabricLoader/Mixin) SpongePowered MIXIN Subsystem Version=0.8.5 Source=file:/C:/Users/jacks/.gradle/caches/modules-2/files-2.1/net.fabricmc/sponge-mixin/0.13.3+mixin.0.8.5/9527e6b0d2449408958fd1302594dc65ec5ade9c/sponge-mixin-0.13.3+mixin.0.8.5.jar Service=Knot/Fabric Env=CLIENT
[21:09:21] [main/INFO] (FabricLoader/Mixin) Attempting to load Fernflower decompiler (Threaded mode)
[21:09:21] [main/INFO] (FabricLoader/Mixin) Fernflower could not be loaded, exported classes will not be decompiled. NoClassDefFoundError: org/jetbrains/java/decompiler/main/extern/IResultSaver
[21:09:22] [main/INFO] (FabricLoader/Mixin) Loaded Fabric development mappings for mixin remapper!
[21:09:22] [main/INFO] (FabricLoader/Mixin) Compatibility level set to JAVA_17
[21:09:22] [main/INFO] (FabricLoader/Mixin) Compatibility level set to JAVA_21
[21:09:27] [main/INFO] (FabricLoader/MixinExtras|Service) Initializing MixinExtras via com.llamalad7.mixinextras.service.MixinExtrasServiceImpl(version=0.3.5).
[21:09:30] [Datafixer Bootstrap/INFO] (Minecraft) 226 Datafixer optimizations took 1014 milliseconds
[21:09:30] [main/WARN] (PerfmonDisabled) Invalid registry value type detected for PerfOS counters. Should be REG_DWORD. Ignoring: HKEY_LOCAL_MACHINE\SYSTEM\CurrentControlSet\Services\PerfOS\Performance\Disable Performance Counters.
[21:09:47] [Render thread/INFO] (Minecraft) Environment: Environment[sessionHost=https://sessionserver.mojang.com, servicesHost=https://api.minecraftservices.com, name=PROD]
[21:09:47] [Render thread/INFO] (Minecraft) Setting user: Player79
[21:09:47] [Render thread/INFO] (experiencedworlds) Setting up Experienced Worlds!
[21:09:48] [Render thread/INFO] (experiencedworlds) Done setting up Experienced Worlds!
[21:09:48] [Render thread/INFO] (Indigo) [Indigo] Registering Indigo renderer!
[21:09:49] [Render thread/INFO] (NetworkManagerImpl) Registering S2C receiver with id architectury:spawn_entity_packet
[21:09:50] [Render thread/INFO] (Minecraft) Backend library: LWJGL version 3.3.3-snapshot
[21:09:53] [Render thread/INFO] (Minecraft) Reloading ResourceManager: vanilla, fabric, experiencedworlds, fabric-api, fabric-api-base, fabric-api-lookup-api-v1, fabric-biome-api-v1, fabric-block-api-v1, fabric-block-view-api-v2, fabric-blockrenderlayer-v1, fabric-client-tags-api-v1, fabric-command-api-v1, fabric-command-api-v2, fabric-commands-v0, fabric-content-registries-v0, fabric-convention-tags-v1, fabric-convention-tags-v2, fabric-crash-report-info-v1, fabric-data-attachment-api-v1, fabric-data-generation-api-v1, fabric-dimensions-v1, fabric-entity-events-v1, fabric-events-interaction-v0, fabric-game-rule-api-v1, fabric-gametest-api-v1, fabric-item-api-v1, fabric-item-group-api-v1, fabric-key-binding-api-v1, fabric-keybindings-v0, fabric-lifecycle-events-v1, fabric-loot-api-v2, fabric-message-api-v1, fabric-model-loading-api-v1, fabric-networking-api-v1, fabric-object-builder-api-v1, fabric-particles-v1, fabric-recipe-api-v1, fabric-registry-sync-v0, fabric-renderer-api-v1, fabric-renderer-indigo, fabric-renderer-registries-v1, fabric-rendering-data-attachment-v1, fabric-rendering-fluids-v1, fabric-rendering-v0, fabric-rendering-v1, fabric-resource-conditions-api-v1, fabric-resource-loader-v0, fabric-screen-api-v1, fabric-screen-handler-api-v1, fabric-sound-api-v1, fabric-transfer-api-v1, fabric-transitive-access-wideners-v1, fabricloader
[21:09:54] [Worker-Main-13/INFO] (Minecraft) Found unifont_all_no_pua-15.1.05.hex, loading
[21:09:54] [Worker-Main-10/INFO] (Minecraft) Found unifont_jp_patch-15.1.05.hex, loading
[21:09:57] [Render thread/WARN] (Minecraft) Missing sound for event: minecraft:item.goat_horn.play
[21:09:57] [Render thread/WARN] (Minecraft) Missing sound for event: minecraft:entity.goat.screaming.horn_break
[21:09:57] [Render thread/INFO] (Minecraft) OpenAL initialized on device OpenAL Soft on VoiceMeeter Aux Input (VB-Audio VoiceMeeter AUX VAIO)
[21:09:57] [Render thread/INFO] (Minecraft) Sound engine started
[21:09:57] [Render thread/INFO] (Minecraft) Created: 1024x512x4 minecraft:textures/atlas/blocks.png-atlas
[21:09:57] [Render thread/INFO] (Minecraft) Created: 256x256x4 minecraft:textures/atlas/signs.png-atlas
[21:09:57] [Render thread/INFO] (Minecraft) Created: 512x512x4 minecraft:textures/atlas/shield_patterns.png-atlas
[21:09:57] [Render thread/INFO] (Minecraft) Created: 512x512x4 minecraft:textures/atlas/banner_patterns.png-atlas
[21:09:57] [Render thread/INFO] (Minecraft) Created: 1024x1024x4 minecraft:textures/atlas/armor_trims.png-atlas
[21:09:57] [Render thread/INFO] (Minecraft) Created: 128x64x4 minecraft:textures/atlas/decorated_pot.png-atlas
[21:09:57] [Render thread/INFO] (Minecraft) Created: 256x256x4 minecraft:textures/atlas/chest.png-atlas
[21:09:57] [Render thread/INFO] (Minecraft) Created: 512x256x4 minecraft:textures/atlas/shulker_boxes.png-atlas
[21:09:57] [Render thread/INFO] (Minecraft) Created: 512x256x4 minecraft:textures/atlas/beds.png-atlas
[21:09:58] [Render thread/INFO] (Minecraft) Created: 512x256x0 minecraft:textures/atlas/particles.png-atlas
[21:09:58] [Render thread/INFO] (Minecraft) Created: 512x256x0 minecraft:textures/atlas/paintings.png-atlas
[21:09:58] [Render thread/INFO] (Minecraft) Created: 256x128x0 minecraft:textures/atlas/mob_effects.png-atlas
[21:09:58] [Render thread/INFO] (Minecraft) Created: 64x64x0 minecraft:textures/atlas/map_decorations.png-atlas
[21:09:58] [Render thread/INFO] (Minecraft) Created: 1024x512x0 minecraft:textures/atlas/gui.png-atlas
[21:09:58] [Render thread/WARN] (Minecraft) Shader rendertype_entity_translucent_emissive could not find sampler named Sampler2 in the specified shader program.
[21:10:29] [Render thread/INFO] (Minecraft) Deleting level tester
[21:10:29] [Render thread/INFO] (Minecraft) Attempt 1...
[21:10:33] [Render thread/INFO] (Minecraft) Loaded 1290 recipes
[21:10:34] [Render thread/INFO] (Minecraft) Loaded 1399 advancements
[21:10:37] [Render thread/INFO] (BiomeModificationImpl) Applied 0 biome modifications to 0 of 64 new biomes in 4.198 ms
[21:10:37] [Server thread/INFO] (Minecraft) Starting integrated minecraft server version 1.21
[21:10:37] [Server thread/INFO] (Minecraft) Generating keypair
[21:10:44] [Server thread/INFO] (Minecraft) Preparing start region for dimension minecraft:overworld
[21:10:45] [Render thread/INFO] (Minecraft) Preparing spawn area: 2%
[21:10:46] [Render thread/INFO] (Minecraft) Preparing spawn area: 2%
[21:10:46] [Render thread/INFO] (Minecraft) Preparing spawn area: 2%
[21:10:46] [Render thread/INFO] (Minecraft) Preparing spawn area: 2%
[21:10:47] [Render thread/INFO] (Minecraft) Preparing spawn area: 2%
[21:10:47] [Render thread/INFO] (Minecraft) Preparing spawn area: 2%
[21:10:47] [Render thread/INFO] (Minecraft) Preparing spawn area: 18%
[21:10:48] [Render thread/INFO] (Minecraft) Preparing spawn area: 18%
[21:10:48] [Render thread/INFO] (Minecraft) Preparing spawn area: 20%
[21:10:49] [Render thread/INFO] (Minecraft) Preparing spawn area: 51%
[21:10:50] [Render thread/INFO] (Minecraft) Preparing spawn area: 51%
[21:10:50] [Server thread/WARN] (ConventionLogWarnings) 
	Dev warning - Legacy Tags detected. Please migrate your old tags to our new format that follows better conventions!
	See classes under net.fabricmc.fabric.api.tag.convention.v2 package for all tags.

	NOTE: Many tags have been moved around or renamed. Some new ones were added so please review the new tags.
	And make sure you follow tag conventions for new tags! The convention is `c` with nouns generally being plural and adjectives being singular.
	You can disable this message by this system property to your runs: `-Dfabric-tag-conventions-v1.legacyTagWarning=SILENCED`.
	To see individual legacy tags found, set the system property to `-Dfabric-tag-conventions-v1.legacyTagWarning=DEV_VERBOSE` instead. Default is `DEV_SHORT`.

[21:10:50] [Server thread/WARN] (TranslationConventionLogWarnings) 
	Dev warning - Untranslated Item Tags detected. Please translate your item tags so other mods such as recipe viewers can properly display your tag's name.
	The format desired is tag.item.<namespace>.<path> for the translation key with slashes in path turned into periods.
	To disable this message, set this system property in your runs: `-Dfabric-tag-conventions-v2.missingTagTranslationWarning=SILENCED`.
	To see individual untranslated item tags found, set the system property to `-Dfabric-tag-conventions-v2.missingTagTranslationWarning=VERBOSE`.
	Default is `SHORT`.

[21:10:50] [Render thread/INFO] (Minecraft) Time elapsed: 5656 ms
[21:10:50] [Server thread/INFO] (Minecraft) Changing view distance to 12, from 10
[21:10:50] [Server thread/INFO] (Minecraft) Changing simulation distance to 12, from 0
[21:10:53] [Server thread/INFO] (Minecraft) Player79[local:E:f237d575] logged in with entity id 9 at (0.5, 64.0, 0.5)
[21:10:54] [Server thread/INFO] (Minecraft) Player79 joined the game
[21:10:54] [Render thread/INFO] (Minecraft) [System] [CHAT] [EW] Currently searching for a fair starting point. You may be teleported soon.
[21:10:54] [Render thread/INFO] (Minecraft) Loaded 2 advancements
[21:11:00] [Server thread/WARN] (Minecraft) Can't keep up! Is the server overloaded? Running 2036ms or 40 ticks behind
[21:11:25] [Server thread/WARN] (Minecraft) Can't keep up! Is the server overloaded? Running 10118ms or 202 ticks behind
[21:11:33] [Render thread/INFO] (Minecraft) [System] [CHAT] [EW] This world is confirmed to have a fair starting spawn! Thanks for playing Experienced Worlds!
[21:11:51] [Render thread/INFO] (Minecraft) [System] [CHAT] [EW] Player79 has made a stat reach 1, growing the border by a block.
[21:11:54] [Render thread/INFO] (Minecraft) [System] [CHAT] [EW] Player79 has made a stat reach 1, growing the border by a block.
[21:12:26] [Render thread/INFO] (Minecraft) [System] [CHAT] [EW] Player79 has made a stat reach 10, growing the border by a block.
[21:12:42] [Render thread/INFO] (Minecraft) [System] [CHAT] [EW] Player79 has made a stat reach 10, growing the border by a block.
[21:12:45] [Render thread/INFO] (Minecraft) [System] [CHAT] [EW] Player79 has made a stat reach 1, growing the border by a block.
[21:12:49] [Render thread/INFO] (Minecraft) [System] [CHAT] [EW] Player79 has made a stat reach 1, growing the border by a block.
[21:13:01] [Render thread/INFO] (Minecraft) [System] [CHAT] [EW] Player79 has made a stat reach 10, growing the border by a block.
[21:13:03] [Render thread/INFO] (Minecraft) Loaded 9 advancements
[21:13:04] [Render thread/INFO] (Minecraft) [System] [CHAT] [EW] Player79 has made a stat reach 1, growing the border by a block.
[21:13:09] [Render thread/INFO] (Minecraft) [System] [CHAT] [EW] Player79 has made a stat reach 10, growing the border by a block.
[21:13:13] [Render thread/INFO] (Minecraft) [System] [CHAT] [EW] Player79 has made a stat reach 1, growing the border by a block.
[21:13:15] [Render thread/INFO] (Minecraft) Loaded 12 advancements
[21:13:19] [Render thread/INFO] (Minecraft) [System] [CHAT] [EW] Player79 has made an advancement, increasing the border growth multiplier by 0.01. It is now 1.01
[21:13:19] [Render thread/INFO] (Minecraft) Loaded 15 advancements
[21:13:31] [Render thread/INFO] (Minecraft) Loaded 16 advancements
[21:13:32] [Render thread/INFO] (Minecraft) Loaded 26 advancements
[21:13:37] [Render thread/INFO] (Minecraft) [System] [CHAT] [EW] Player79 has made a stat reach 1, growing the border by 1.01 blocks.
[21:13:38] [Server thread/INFO] (Minecraft) Player79 has made the advancement [Stone Age]
[21:13:38] [Render thread/INFO] (Minecraft) [System] [CHAT] Player79 has made the advancement [Stone Age]
[21:13:38] [Render thread/INFO] (Minecraft) [System] [CHAT] [EW] Player79 has made an advancement, increasing the border growth multiplier by 0.02. It is now 1.03
[21:13:38] [Render thread/INFO] (Minecraft) Loaded 41 advancements
[21:13:48] [Server thread/INFO] (Minecraft) Player79 has made the advancement [Getting an Upgrade]
[21:13:48] [Render thread/INFO] (Minecraft) [System] [CHAT] Player79 has made the advancement [Getting an Upgrade]
[21:13:48] [Render thread/INFO] (Minecraft) [System] [CHAT] [EW] Player79 has made an advancement, increasing the border growth multiplier by 0.03. It is now 1.06
[21:13:48] [Render thread/INFO] (Minecraft) Loaded 45 advancements
[21:13:53] [Render thread/INFO] (Minecraft) [System] [CHAT] [EW] Player79 has made a stat reach 10, growing the border by 1.06 blocks.
[21:14:02] [Render thread/INFO] (Minecraft) [System] [CHAT] [EW] Player79 has made a stat reach 1, growing the border by 1.06 blocks.
[21:14:02] [Render thread/INFO] (Minecraft) Loaded 46 advancements
[21:14:26] [Render thread/INFO] (Minecraft) Loaded 47 advancements
[21:14:28] [Render thread/INFO] (Minecraft) [System] [CHAT] [EW] Player79 has made a stat reach 1, growing the border by 1.06 blocks.
[21:14:29] [Render thread/INFO] (Minecraft) Loaded 49 advancements
[21:14:34] [Render thread/INFO] (Minecraft) [System] [CHAT] [EW] Player79 has made a stat reach 1, growing the border by 1.06 blocks.
[21:14:46] [Server thread/INFO] (Minecraft) Player79 has made the advancement [A Seedy Place]
[21:14:46] [Render thread/INFO] (Minecraft) [System] [CHAT] Player79 has made the advancement [A Seedy Place]
[21:14:46] [Render thread/INFO] (Minecraft) [System] [CHAT] [EW] Player79 has made an advancement, increasing the border growth multiplier by 0.04. It is now 1.1
[21:14:46] [Render thread/INFO] (Minecraft) Loaded 53 advancements
[21:14:46] [Render thread/INFO] (Minecraft) [System] [CHAT] [EW] Player79 has made a stat reach 1, growing the border by 1.1 blocks.
[21:14:57] [Render thread/INFO] (Minecraft) [System] [CHAT] [EW] Player79 has made a stat reach 10, growing the border by 1.1 blocks.
[21:14:59] [Render thread/INFO] (Minecraft) [System] [CHAT] [EW] Player79 has made a stat reach 1, growing the border by 1.1 blocks.
[21:15:19] [Render thread/INFO] (Minecraft) [System] [CHAT] [EW] Player79 has made a stat reach 10, growing the border by 1.1 blocks.
[21:15:25] [Render thread/INFO] (Minecraft) [System] [CHAT] [EW] Player79 has made a stat reach 1, growing the border by 1.1 blocks.
[21:15:26] [Render thread/INFO] (Minecraft) Loaded 70 advancements
[21:15:43] [Render thread/INFO] (Minecraft) [System] [CHAT] [EW] Player79 has made a stat reach 1, growing the border by 1.1 blocks.
[21:16:01] [Render thread/INFO] (Minecraft) [System] [CHAT] [EW] Player79 has made a stat reach 1, growing the border by 1.1 blocks.
[21:16:01] [Render thread/INFO] (Minecraft) Loaded 81 advancements
[21:16:07] [Render thread/INFO] (Minecraft) [System] [CHAT] [EW] Player79 has made a stat reach 1, growing the border by 1.1 blocks.
[21:16:15] [Render thread/INFO] (Minecraft) [System] [CHAT] [EW] Player79 has made a stat reach 1, growing the border by 1.1 blocks.
[21:16:20] [Render thread/INFO] (Minecraft) [System] [CHAT] [EW] Player79 has made a stat reach 1, growing the border by 1.1 blocks.
[21:16:30] [Render thread/INFO] (Minecraft) Loaded 82 advancements
[21:16:38] [Render thread/INFO] (Minecraft) [System] [CHAT] [EW] Player79 has made a stat reach 1, growing the border by 1.1 blocks.
[21:16:39] [Render thread/INFO] (Minecraft) Loaded 92 advancements
[21:16:44] [Render thread/INFO] (Minecraft) Loaded 96 advancements
[21:16:47] [Render thread/INFO] (Minecraft) [System] [CHAT] [EW] Player79 has made a stat reach 1, growing the border by 1.1 blocks.
[21:17:06] [Render thread/INFO] (Minecraft) [System] [CHAT] [EW] Player79 has made a stat reach 1, growing the border by 1.1 blocks.
[21:17:14] [Render thread/INFO] (Minecraft) [System] [CHAT] [EW] Player79 has made a stat reach 1, growing the border by 1.1 blocks.
[21:17:21] [Server thread/INFO] (Minecraft) Player79 tried to swim in lava
[21:17:21] [Render thread/INFO] (Minecraft) [System] [CHAT] Player79 tried to swim in lava
[21:18:05] [Server thread/INFO] (Minecraft) [Not Secure] <Player79> goofy ah Player79
[21:18:05] [Render thread/INFO] (Minecraft) [CHAT] <Player79> goofy ah Player79
[21:18:11] [Render thread/INFO] (Minecraft) Stopping!
[21:18:11] [Server thread/INFO] (Minecraft) Player79 lost connection: Disconnected
[21:18:11] [Server thread/INFO] (Minecraft) Player79 left the game
[21:18:11] [Server thread/INFO] (Minecraft) Stopping singleplayer server as player logged out
[21:18:11] [Server thread/INFO] (Minecraft) Stopping server
[21:18:11] [Server thread/INFO] (Minecraft) Saving players
[21:18:11] [Server thread/INFO] (Minecraft) Saving worlds
[21:18:12] [Server thread/INFO] (Minecraft) Saving chunks for level 'ServerLevel[tester]'/minecraft:overworld
[21:18:13] [Server thread/INFO] (Minecraft) Saving chunks for level 'ServerLevel[tester]'/minecraft:the_nether
[21:18:13] [Server thread/INFO] (Minecraft) Saving chunks for level 'ServerLevel[tester]'/minecraft:the_end
[21:18:13] [Server thread/INFO] (Minecraft) ThreadedAnvilChunkStorage (tester): All chunks are saved
[21:18:13] [Server thread/INFO] (Minecraft) ThreadedAnvilChunkStorage (DIM-1): All chunks are saved
[21:18:13] [Server thread/INFO] (Minecraft) ThreadedAnvilChunkStorage (DIM1): All chunks are saved
[21:18:13] [Server thread/INFO] (Minecraft) ThreadedAnvilChunkStorage: All dimensions are saved
